Build started 31-Jul-2019 12:40:44 AM.
     1>Project "C:\Users\Asus\Documents\Visual Studio 2013\Projects\consoleUI2V\consoleUI\consoleUI.vcxproj" on node 2 (Build target(s)).
     1>ClCompile:
         C:\Program Files (x86)\Microsoft Visual Studio 12.0\VC\bin\CL.exe /c /ZI /nologo /W3 /WX- /sdl /Od /Oy- /D _MBCS /Gm /EHsc /RTC1 /MDd /GS /fp:precise /Zc:wchar_t /Zc:forScope /Fo"Debug\\" /Fd"Debug\vc120.pdb" /Gd /TP /analyze- /errorReport:prompt BaseComponent.cpp ComboBox.cpp ConsoleManager.cpp Enums.h Label.cpp main.cpp Point2D.cpp
         Point2D.cpp
         main.cpp
         Label.cpp
         Enums.h
         ConsoleManager.cpp
         ComboBox.cpp
         BaseComponent.cpp
     1>c:\users\asus\documents\visual studio 2013\projects\consoleui2v\consoleui\basecomponent.cpp(140): warning C4101: 'info' : unreferenced local variable
         Generating Code...
       Link:
         C:\Program Files (x86)\Microsoft Visual Studio 12.0\VC\bin\link.exe /ERRORREPORT:PROMPT /OUT:"C:\Users\Asus\Documents\Visual Studio 2013\Projects\consoleUI2V\Debug\consoleUI.exe" /INCREMENTAL /NOLOGO kernel32.lib user32.lib gdi32.lib winspool.lib comdlg32.lib advapi32.lib shell32.lib ole32.lib oleaut32.lib uuid.lib odbc32.lib odbccp32.lib /MANIFEST /MANIFESTUAC:"level='asInvoker' uiAccess='false'" /manifest:embed /DEBUG /PDB:"C:\Users\Asus\Documents\Visual Studio 2013\Projects\consoleUI2V\Debug\consoleUI.pdb" /TLBID:1 /DYNAMICBASE /NXCOMPAT /IMPLIB:"C:\Users\Asus\Documents\Visual Studio 2013\Projects\consoleUI2V\Debug\consoleUI.lib" /MACHINE:X86 Debug\BaseComponent.obj
         Debug\ComboBox.obj
         Debug\ConsoleManager.obj
         Debug\Enums.obj
         Debug\Label.obj
         Debug\main.obj
         Debug\Point2D.obj
         consoleUI.vcxproj -> C:\Users\Asus\Documents\Visual Studio 2013\Projects\consoleUI2V\Debug\consoleUI.exe
     1>Done Building Project "C:\Users\Asus\Documents\Visual Studio 2013\Projects\consoleUI2V\consoleUI\consoleUI.vcxproj" (Build target(s)).

Build succeeded.

Time Elapsed 00:00:08.75
